{"D:\\ReactNativeProjects\\Jest-medium-ex-master\\assets\\user.png": {"path":"D:\\ReactNativeProjects\\Jest-medium-ex-master\\assets\\user.png","statementMap":{"0":{"start":{"line":1,"column":0},"end":{"line":4,"column":6}}},"fnMap":{},"branchMap":{},"s":{"0":1},"f":{},"b":{},"_coverageSchema":"43e27e138ebf9cfc5966b082cf9a028302ed4184","hash":"36d60201c06c39ae17e6a28966a675f8b16349e4"}
,"D:\\ReactNativeProjects\\Jest-medium-ex-master\\src\\configuration\\User.list.js": {"path":"D:\\ReactNativeProjects\\Jest-medium-ex-master\\src\\configuration\\User.list.js","statementMap":{"0":{"start":{"line":1,"column":14},"end":{"line":22,"column":1}}},"fnMap":{},"branchMap":{},"s":{"0":1},"f":{},"b":{},"_coverageSchema":"43e27e138ebf9cfc5966b082cf9a028302ed4184","hash":"7a70d882b3f733b00ba85f4c902827115a60b716"}
,"D:\\ReactNativeProjects\\Jest-medium-ex-master\\src\\homepage\\Homepage.component.js": {"path":"D:\\ReactNativeProjects\\Jest-medium-ex-master\\src\\homepage\\Homepage.component.js","statementMap":{"0":{"start":{"line":10,"column":12},"end":{"line":13,"column":5}},"1":{"start":{"line":16,"column":8},"end":{"line":16,"column":41}},"2":{"start":{"line":20,"column":8},"end":{"line":22,"column":10}},"3":{"start":{"line":25,"column":30},"end":{"line":32,"column":5}},"4":{"start":{"line":27,"column":8},"end":{"line":29,"column":10}},"5":{"start":{"line":30,"column":31},"end":{"line":30,"column":41}},"6":{"start":{"line":31,"column":8},"end":{"line":31,"column":63}},"7":{"start":{"line":34,"column":24},"end":{"line":37,"column":5}},"8":{"start":{"line":35,"column":31},"end":{"line":35,"column":41}},"9":{"start":{"line":36,"column":8},"end":{"line":36,"column":66}},"10":{"start":{"line":39,"column":28},"end":{"line":42,"column":5}},"11":{"start":{"line":40,"column":31},"end":{"line":40,"column":41}},"12":{"start":{"line":41,"column":8},"end":{"line":41,"column":61}},"13":{"start":{"line":46,"column":26},"end":{"line":46,"column":36}},"14":{"start":{"line":47,"column":8},"end":{"line":70,"column":10}}},"fnMap":{"0":{"name":"(anonymous_0)","decl":{"start":{"line":15,"column":4},"end":{"line":15,"column":5}},"loc":{"start":{"line":15,"column":25},"end":{"line":17,"column":5}},"line":15},"1":{"name":"(anonymous_1)","decl":{"start":{"line":19,"column":4},"end":{"line":19,"column":5}},"loc":{"start":{"line":19,"column":33},"end":{"line":23,"column":5}},"line":19},"2":{"name":"(anonymous_2)","decl":{"start":{"line":25,"column":30},"end":{"line":25,"column":31}},"loc":{"start":{"line":25,"column":36},"end":{"line":32,"column":5}},"line":25},"3":{"name":"(anonymous_3)","decl":{"start":{"line":34,"column":24},"end":{"line":34,"column":25}},"loc":{"start":{"line":34,"column":30},"end":{"line":37,"column":5}},"line":34},"4":{"name":"(anonymous_4)","decl":{"start":{"line":39,"column":28},"end":{"line":39,"column":29}},"loc":{"start":{"line":39,"column":34},"end":{"line":42,"column":5}},"line":39},"5":{"name":"(anonymous_5)","decl":{"start":{"line":45,"column":4},"end":{"line":45,"column":5}},"loc":{"start":{"line":45,"column":13},"end":{"line":71,"column":5}},"line":45}},"branchMap":{},"s":{"0":6,"1":6,"2":6,"3":6,"4":2,"5":2,"6":2,"7":6,"8":1,"9":1,"10":6,"11":1,"12":1,"13":8,"14":8},"f":{"0":6,"1":6,"2":2,"3":1,"4":1,"5":8},"b":{},"_coverageSchema":"43e27e138ebf9cfc5966b082cf9a028302ed4184","hash":"8c785aca52ef6200168ba31e3153c49004778511"}
,"D:\\ReactNativeProjects\\Jest-medium-ex-master\\src\\homepage\\Homepage.component.styles.js": {"path":"D:\\ReactNativeProjects\\Jest-medium-ex-master\\src\\homepage\\Homepage.component.styles.js","statementMap":{"0":{"start":{"line":3,"column":15},"end":{"line":24,"column":2}}},"fnMap":{},"branchMap":{},"s":{"0":1},"f":{},"b":{},"_coverageSchema":"43e27e138ebf9cfc5966b082cf9a028302ed4184","hash":"fe366c1512d0262b5670d71adbfd50344fbf3e0b"}
,"D:\\ReactNativeProjects\\Jest-medium-ex-master\\src\\user\\User.component.js": {"path":"D:\\ReactNativeProjects\\Jest-medium-ex-master\\src\\user\\User.component.js","statementMap":{"0":{"start":{"line":10,"column":27},"end":{"line":10,"column":54}},"1":{"start":{"line":12,"column":29},"end":{"line":12,"column":35}},"2":{"start":{"line":13,"column":21},"end":{"line":13,"column":36}},"3":{"start":{"line":15,"column":8},"end":{"line":29,"column":10}}},"fnMap":{"0":{"name":"(anonymous_0)","decl":{"start":{"line":9,"column":4},"end":{"line":9,"column":5}},"loc":{"start":{"line":9,"column":13},"end":{"line":30,"column":5}},"line":9}},"branchMap":{"0":{"loc":{"start":{"line":24,"column":18},"end":{"line":25,"column":89}},"type":"binary-expr","locations":[{"start":{"line":24,"column":18},"end":{"line":24,"column":38}},{"start":{"line":25,"column":24},"end":{"line":25,"column":89}}],"line":24}},"s":{"0":3,"1":3,"2":3,"3":3},"f":{"0":3},"b":{"0":[3,1]},"_coverageSchema":"43e27e138ebf9cfc5966b082cf9a028302ed4184","hash":"80a0b53241fedd1d63926a7ba41476628150a3f2"}
}
