TN:
SF:D:\ReactNativeProjects\Jest-medium-ex-master\assets\user.png
FNF:0
FNH:0
DA:1,1
LF:1
LH:1
BRF:0
BRH:0
end_of_record
TN:
SF:D:\ReactNativeProjects\Jest-medium-ex-master\src\configuration\User.list.js
FNF:0
FNH:0
DA:1,1
LF:1
LH:1
BRF:0
BRH:0
end_of_record
TN:
SF:D:\ReactNativeProjects\Jest-medium-ex-master\src\homepage\Homepage.component.js
FN:15,(anonymous_0)
FN:19,(anonymous_1)
FN:25,(anonymous_2)
FN:34,(anonymous_3)
FN:39,(anonymous_4)
FN:45,(anonymous_5)
FNF:6
FNH:6
FNDA:6,(anonymous_0)
FNDA:6,(anonymous_1)
FNDA:2,(anonymous_2)
FNDA:1,(anonymous_3)
FNDA:1,(anonymous_4)
FNDA:8,(anonymous_5)
DA:10,6
DA:16,6
DA:20,6
DA:25,6
DA:27,2
DA:30,2
DA:31,2
DA:34,6
DA:35,1
DA:36,1
DA:39,6
DA:40,1
DA:41,1
DA:46,8
DA:47,8
LF:15
LH:15
BRF:0
BRH:0
end_of_record
TN:
SF:D:\ReactNativeProjects\Jest-medium-ex-master\src\homepage\Homepage.component.styles.js
FNF:0
FNH:0
DA:3,1
LF:1
LH:1
BRF:0
BRH:0
end_of_record
TN:
SF:D:\ReactNativeProjects\Jest-medium-ex-master\src\user\User.component.js
FN:9,(anonymous_0)
FNF:1
FNH:1
FNDA:3,(anonymous_0)
DA:10,3
DA:12,3
DA:13,3
DA:15,3
LF:4
LH:4
BRDA:24,0,0,3
BRDA:24,0,1,1
BRF:2
BRH:2
end_of_record
